<?xml version="1.0" encoding="UTF-8"?>
<!-- Generated by org.testng.reporters.JUnitReportReporter -->
<testsuite hostname="ChandraaulisAir.home" failures="0" tests="1" name="testCases.TestCase1" time="26.276" errors="0" timestamp="2023-09-21T14:16:33 CEST" skipped="0">
  <testcase classname="testCases.TestCase1" name="testSteps" time="26.276"/>
  <system-out/>
</testsuite> <!-- testCases.TestCase1 -->
