<?xml version="1.0" encoding="UTF-8"?>
<!-- Generated by org.testng.reporters.JUnitReportReporter -->
<testsuite hostname="ChandraaulisAir.home" failures="0" tests="1" name="TestCase.Test1" time="29.261" errors="0" timestamp="20 Sep 2023 15:16:34 GMT" skipped="0">
  <testcase classname="TestCase.Test1" name="mainInex" time="29.261"/>
</testsuite> <!-- TestCase.Test1 -->
