<?xml version="1.0" encoding="UTF-8"?>
<!-- Generated by org.testng.reporters.JUnitReportReporter -->
<testsuite hostname="ChandraaulisAir.home" failures="0" tests="1" name="testCases.TestCase1" time="28.794" errors="0" timestamp="21 Sep 2023 12:12:54 GMT" skipped="0">
  <testcase classname="testCases.TestCase1" name="testSteps" time="28.794"/>
</testsuite> <!-- testCases.TestCase1 -->
